2020-05-03 21:07:11.873  INFO 3996 --- [main] com.bsuir.BackendApplication             : Starting BackendApplication on DESKTOP-H659VR1 with PID 3996 (D:\kurs_project\backend\target\classes started by Benutzer in D:\kurs_project)
2020-05-03 21:07:11.886  INFO 3996 --- [main] com.bsuir.BackendApplication             : No active profile set, falling back to default profiles: default
2020-05-03 21:07:12.265  INFO 3996 --- [main] ConfigServletWebServerApplicationContext : Refreshing org.springframework.boot.web.servlet.context.AnnotationConfigServletWebServerApplicationContext@22a637e7: startup date [Sun May 03 21:07:12 MSK 2020]; root of context hierarchy
2020-05-03 21:07:18.137  INFO 3996 --- [main] trationDelegate$BeanPostProcessorChecker : Bean 'org.springframework.transaction.annotation.ProxyTransactionManagementConfiguration' of type [org.springframework.transaction.annotation.ProxyTransactionManagementConfiguration$$EnhancerBySpringCGLIB$$87e2c230] is not eligible for getting processed by all BeanPostProcessors (for example: not eligible for auto-proxying)
2020-05-03 21:07:18.479  INFO 3996 --- [main] trationDelegate$BeanPostProcessorChecker : Bean 'org.springframework.security.config.annotation.configuration.ObjectPostProcessorConfiguration' of type [org.springframework.security.config.annotation.configuration.ObjectPostProcessorConfiguration$$EnhancerBySpringCGLIB$$20908a6a] is not eligible for getting processed by all BeanPostProcessors (for example: not eligible for auto-proxying)
2020-05-03 21:07:18.533  INFO 3996 --- [main] trationDelegate$BeanPostProcessorChecker : Bean 'objectPostProcessor' of type [org.springframework.security.config.annotation.configuration.AutowireBeanFactoryObjectPostProcessor] is not eligible for getting processed by all BeanPostProcessors (for example: not eligible for auto-proxying)
2020-05-03 21:07:18.542  INFO 3996 --- [main] trationDelegate$BeanPostProcessorChecker : Bean 'org.springframework.security.access.expression.method.DefaultMethodSecurityExpressionHandler@49dbaaf3' of type [org.springframework.security.access.expression.method.DefaultMethodSecurityExpressionHandler] is not eligible for getting processed by all BeanPostProcessors (for example: not eligible for auto-proxying)
2020-05-03 21:07:18.567  INFO 3996 --- [main] trationDelegate$BeanPostProcessorChecker : Bean 'org.springframework.security.config.annotation.method.configuration.GlobalMethodSecurityConfiguration' of type [org.springframework.security.config.annotation.method.configuration.GlobalMethodSecurityConfiguration$$EnhancerBySpringCGLIB$$45652d1c] is not eligible for getting processed by all BeanPostProcessors (for example: not eligible for auto-proxying)
2020-05-03 21:07:18.621  INFO 3996 --- [main] trationDelegate$BeanPostProcessorChecker : Bean 'methodSecurityMetadataSource' of type [org.springframework.security.access.method.DelegatingMethodSecurityMetadataSource] is not eligible for getting processed by all BeanPostProcessors (for example: not eligible for auto-proxying)
2020-05-03 21:07:18.640  INFO 3996 --- [main] trationDelegate$BeanPostProcessorChecker : Bean 'org.springframework.hateoas.config.HateoasConfiguration' of type [org.springframework.hateoas.config.HateoasConfiguration$$EnhancerBySpringCGLIB$$7630f62] is not eligible for getting processed by all BeanPostProcessors (for example: not eligible for auto-proxying)
2020-05-03 21:07:20.758  INFO 3996 --- [main] o.s.b.w.embedded.tomcat.TomcatWebServer  : Tomcat initialized with port(s): 8081 (http)
2020-05-03 21:07:20.893  INFO 3996 --- [main] o.apache.catalina.core.StandardService   : Starting service [Tomcat]
2020-05-03 21:07:20.893  INFO 3996 --- [main] org.apache.catalina.core.StandardEngine  : Starting Servlet Engine: Apache Tomcat/8.5.34
2020-05-03 21:07:20.909  INFO 3996 --- [localhost-startStop-1] o.a.catalina.core.AprLifecycleListener   : The APR based Apache Tomcat Native library which allows optimal performance in production environments was not found on the java.library.path: [C:\Program Files\Java\jdk1.8.0_221\bin;C:\WINDOWS\Sun\Java\bin;C:\WINDOWS\system32;C:\WINDOWS;C:\Windows\system32;C:\Windows;C:\Windows\System32\Wbem;C:\Windows\System32\WindowsPowerShell\v1.0\;C:\Windows\System32\OpenSSH\;C:\Users\Benutzer\.dnx\bin;C:\Program Files\Microsoft DNX\Dnvm\;C:\Program Files\Microsoft SQL Server\120\Tools\Binn\;C:\Program Files (x86)\Microsoft SQL Server\Client SDK\ODBC\110\Tools\Binn\;C:\Program Files (x86)\Microsoft SQL Server\120\Tools\Binn\;C:\Program Files (x86)\Microsoft SQL Server\120\DTS\Binn\;C:\Program Files (x86)\NVIDIA Corporation\PhysX\Common;C:\Program Files\NVIDIA Corporation\NVIDIA NvDLISR;C:\Program Files\dotnet\;C:\Program Files\Microsoft SQL Server\130\Tools\Binn\;C:\Program Files (x86)\GtkSharp\2.12\bin;C:\Program Files (x86)\Microsoft SQL Server\90\Tools\binn\;C:\Program Files\Java\jdk-13\bin;C:\Program Files\Maven\apache-maven-3.6.2\bin;E:\Git\cmd;E:\Git\mingw64\bin;E:\Git\usr\bin;C:\WINDOWS\system32;C:\WINDOWS;C:\WINDOWS\System32\Wbem;C:\WINDOWS\System32\WindowsPowerShell\v1.0\;C:\WINDOWS\System32\OpenSSH\;C:\Program Files\MySQL\MySQL Utilities 1.6\;C:\Program Files\nodejs\;C:\Users\Benutzer\AppData\Roaming\npm;E:\Microsoft VS Code\bin;.]
2020-05-03 21:07:21.347  INFO 3996 --- [localhost-startStop-1] o.a.c.c.C.[Tomcat].[localhost].[/]       : Initializing Spring embedded WebApplicationContext
2020-05-03 21:07:22.479  INFO 3996 --- [localhost-startStop-1] com.zaxxer.hikari.HikariDataSource       : HikariPool-1 - Starting...
2020-05-03 21:07:23.475  INFO 3996 --- [localhost-startStop-1] com.zaxxer.hikari.HikariDataSource       : HikariPool-1 - Start completed.
2020-05-03 21:07:24.970  INFO 3996 --- [localhost-startStop-1] j.LocalContainerEntityManagerFactoryBean : Building JPA container EntityManagerFactory for persistence unit 'default'
2020-05-03 21:07:25.243  INFO 3996 --- [localhost-startStop-1] o.hibernate.jpa.internal.util.LogHelper  : HHH000204: Processing PersistenceUnitInfo [
	name: default
	...]
2020-05-03 21:07:26.885  INFO 3996 --- [localhost-startStop-1] org.hibernate.Version                    : HHH000412: Hibernate Core {5.2.17.Final}
2020-05-03 21:07:26.916  INFO 3996 --- [localhost-startStop-1] org.hibernate.cfg.Environment            : HHH000206: hibernate.properties not found
2020-05-03 21:07:27.884  INFO 3996 --- [localhost-startStop-1] o.hibernate.annotations.common.Version   : HCANN000001: Hibernate Commons Annotations {5.0.1.Final}
2020-05-03 21:07:29.401  INFO 3996 --- [localhost-startStop-1] org.hibernate.dialect.Dialect            : HHH000400: Using dialect: org.hibernate.dialect.MySQL5Dialect
2020-05-03 21:07:33.905  INFO 3996 --- [localhost-startStop-1] j.LocalContainerEntityManagerFactoryBean : Initialized JPA EntityManagerFactory for persistence unit 'default'
2020-05-03 21:07:35.500  INFO 3996 --- [localhost-startStop-1] o.s.b.w.servlet.FilterRegistrationBean   : Mapping filter: 'characterEncodingFilter' to: [/*]
2020-05-03 21:07:35.500  INFO 3996 --- [localhost-startStop-1] o.s.b.w.servlet.FilterRegistrationBean   : Mapping filter: 'hiddenHttpMethodFilter' to: [/*]
2020-05-03 21:07:35.500  INFO 3996 --- [localhost-startStop-1] o.s.b.w.servlet.FilterRegistrationBean   : Mapping filter: 'httpPutFormContentFilter' to: [/*]
2020-05-03 21:07:35.500  INFO 3996 --- [localhost-startStop-1] o.s.b.w.servlet.FilterRegistrationBean   : Mapping filter: 'requestContextFilter' to: [/*]
2020-05-03 21:07:35.516  INFO 3996 --- [localhost-startStop-1] .s.DelegatingFilterProxyRegistrationBean : Mapping filter: 'springSecurityFilterChain' to: [/*]
2020-05-03 21:07:35.516  INFO 3996 --- [localhost-startStop-1] o.s.b.w.servlet.FilterRegistrationBean   : Mapping filter: 'jwtRequestFilter' to: [/*]
2020-05-03 21:07:35.516  INFO 3996 --- [localhost-startStop-1] o.s.b.w.servlet.ServletRegistrationBean  : Servlet dispatcherServlet mapped to [/]
2020-05-03 21:07:39.642  INFO 3996 --- [main] o.s.s.web.DefaultSecurityFilterChain     : Creating filter chain: any request, [org.springframework.security.web.context.request.async.WebAsyncManagerIntegrationFilter@2cae9b8, org.springframework.security.web.context.SecurityContextPersistenceFilter@6540cf1d, org.springframework.security.web.header.HeaderWriterFilter@588f63c, org.springframework.security.web.authentication.logout.LogoutFilter@4c1bdcc2, com.bsuir.security.jwt.JwtRequestFilter@392da527, org.springframework.security.web.savedrequest.RequestCacheAwareFilter@bc042d5, org.springframework.security.web.servletapi.SecurityContextHolderAwareRequestFilter@42b84286, org.springframework.security.web.authentication.AnonymousAuthenticationFilter@1457fde, org.springframework.security.web.session.SessionManagementFilter@434514d8, org.springframework.security.web.access.ExceptionTranslationFilter@4a163575, org.springframework.security.web.access.intercept.FilterSecurityInterceptor@3a082ff4]
2020-05-03 21:07:40.492  WARN 3996 --- [main] aWebConfiguration$JpaWebMvcConfiguration : spring.jpa.open-in-view is enabled by default. Therefore, database queries may be performed during view rendering. Explicitly configure spring.jpa.open-in-view to disable this warning
2020-05-03 21:07:41.395  INFO 3996 --- [main] o.s.d.r.w.RepositoryRestHandlerAdapter   : Looking for @ControllerAdvice: org.springframework.boot.web.servlet.context.AnnotationConfigServletWebServerApplicationContext@22a637e7: startup date [Sun May 03 21:07:12 MSK 2020]; root of context hierarchy
2020-05-03 21:07:41.441  INFO 3996 --- [main] o.s.d.r.w.RepositoryRestHandlerMapping   : Mapped "{[/{repository}/{id}],methods=[PUT],produces=[application/hal+json || application/json]}" onto public org.springframework.http.ResponseEntity<? extends org.springframework.hateoas.ResourceSupport> org.springframework.data.rest.webmvc.RepositoryEntityController.putItemResource(org.springframework.data.rest.webmvc.RootResourceInformation,org.springframework.data.rest.webmvc.PersistentEntityResource,java.io.Serializable,org.springframework.data.rest.webmvc.PersistentEntityResourceAssembler,org.springframework.data.rest.webmvc.support.ETag,java.lang.String) throws org.springframework.web.HttpRequestMethodNotSupportedException
2020-05-03 21:07:41.441  INFO 3996 --- [main] o.s.d.r.w.RepositoryRestHandlerMapping   : Mapped "{[/{repository}/{id}],methods=[GET],produces=[application/hal+json || application/json]}" onto public org.springframework.http.ResponseEntity<org.springframework.hateoas.Resource<?>> org.springframework.data.rest.webmvc.RepositoryEntityController.getItemResource(org.springframework.data.rest.webmvc.RootResourceInformation,java.io.Serializable,org.springframework.data.rest.webmvc.PersistentEntityResourceAssembler,org.springframework.http.HttpHeaders) throws org.springframework.web.HttpRequestMethodNotSupportedException
2020-05-03 21:07:41.441  INFO 3996 --- [main] o.s.d.r.w.RepositoryRestHandlerMapping   : Mapped "{[/{repository}],methods=[GET],produces=[application/hal+json || application/json]}" onto public org.springframework.hateoas.Resources<?> org.springframework.data.rest.webmvc.RepositoryEntityController.getCollectionResource(org.springframework.data.rest.webmvc.RootResourceInformation,org.springframework.data.rest.webmvc.support.DefaultedPageable,org.springframework.data.domain.Sort,org.springframework.data.rest.webmvc.PersistentEntityResourceAssembler) throws org.springframework.data.rest.webmvc.ResourceNotFoundException,org.springframework.web.HttpRequestMethodNotSupportedException
2020-05-03 21:07:41.441  INFO 3996 --- [main] o.s.d.r.w.RepositoryRestHandlerMapping   : Mapped "{[/{repository}],methods=[GET],produces=[application/x-spring-data-compact+json || text/uri-list]}" onto public org.springframework.hateoas.Resources<?> org.springframework.data.rest.webmvc.RepositoryEntityController.getCollectionResourceCompact(org.springframework.data.rest.webmvc.RootResourceInformation,org.springframework.data.rest.webmvc.support.DefaultedPageable,org.springframework.data.domain.Sort,org.springframework.data.rest.webmvc.PersistentEntityResourceAssembler) throws org.springframework.data.rest.webmvc.ResourceNotFoundException,org.springframework.web.HttpRequestMethodNotSupportedException
2020-05-03 21:07:41.441  INFO 3996 --- [main] o.s.d.r.w.RepositoryRestHandlerMapping   : Mapped "{[/{repository}],methods=[OPTIONS],produces=[application/hal+json || application/json]}" onto public org.springframework.http.ResponseEntity<?> org.springframework.data.rest.webmvc.RepositoryEntityController.optionsForCollectionResource(org.springframework.data.rest.webmvc.RootResourceInformation)
2020-05-03 21:07:41.441  INFO 3996 --- [main] o.s.d.r.w.RepositoryRestHandlerMapping   : Mapped "{[/{repository}],methods=[POST],produces=[application/hal+json || application/json]}" onto public org.springframework.http.ResponseEntity<org.springframework.hateoas.ResourceSupport> org.springframework.data.rest.webmvc.RepositoryEntityController.postCollectionResource(org.springframework.data.rest.webmvc.RootResourceInformation,org.springframework.data.rest.webmvc.PersistentEntityResource,org.springframework.data.rest.webmvc.PersistentEntityResourceAssembler,java.lang.String) throws org.springframework.web.HttpRequestMethodNotSupportedException
2020-05-03 21:07:41.441  INFO 3996 --- [main] o.s.d.r.w.RepositoryRestHandlerMapping   : Mapped "{[/{repository}],methods=[HEAD],produces=[application/hal+json || application/json]}" onto public org.springframework.http.ResponseEntity<?> org.springframework.data.rest.webmvc.RepositoryEntityController.headCollectionResource(org.springframework.data.rest.webmvc.RootResourceInformation,org.springframework.data.rest.webmvc.support.DefaultedPageable) throws org.springframework.web.HttpRequestMethodNotSupportedException
2020-05-03 21:07:41.457  INFO 3996 --- [main] o.s.d.r.w.RepositoryRestHandlerMapping   : Mapped "{[/{repository}/{id}],methods=[OPTIONS],produces=[application/hal+json || application/json]}" onto public org.springframework.http.ResponseEntity<?> org.springframework.data.rest.webmvc.RepositoryEntityController.optionsForItemResource(org.springframework.data.rest.webmvc.RootResourceInformation)
2020-05-03 21:07:41.457  INFO 3996 --- [main] o.s.d.r.w.RepositoryRestHandlerMapping   : Mapped "{[/{repository}/{id}],methods=[PATCH],produces=[application/hal+json || application/json]}" onto public org.springframework.http.ResponseEntity<org.springframework.hateoas.ResourceSupport> org.springframework.data.rest.webmvc.RepositoryEntityController.patchItemResource(org.springframework.data.rest.webmvc.RootResourceInformation,org.springframework.data.rest.webmvc.PersistentEntityResource,java.io.Serializable,org.springframework.data.rest.webmvc.PersistentEntityResourceAssembler,org.springframework.data.rest.webmvc.support.ETag,java.lang.String) throws org.springframework.web.HttpRequestMethodNotSupportedException,org.springframework.data.rest.webmvc.ResourceNotFoundException
2020-05-03 21:07:41.457  INFO 3996 --- [main] o.s.d.r.w.RepositoryRestHandlerMapping   : Mapped "{[/{repository}/{id}],methods=[HEAD],produces=[application/hal+json || application/json]}" onto public org.springframework.http.ResponseEntity<?> org.springframework.data.rest.webmvc.RepositoryEntityController.headForItemResource(org.springframework.data.rest.webmvc.RootResourceInformation,java.io.Serializable,org.springframework.data.rest.webmvc.PersistentEntityResourceAssembler) throws org.springframework.web.HttpRequestMethodNotSupportedException
2020-05-03 21:07:41.457  INFO 3996 --- [main] o.s.d.r.w.RepositoryRestHandlerMapping   : Mapped "{[/{repository}/{id}],methods=[DELETE],produces=[application/hal+json || application/json]}" onto public org.springframework.http.ResponseEntity<?> org.springframework.data.rest.webmvc.RepositoryEntityController.deleteItemResource(org.springframework.data.rest.webmvc.RootResourceInformation,java.io.Serializable,org.springframework.data.rest.webmvc.support.ETag) throws org.springframework.data.rest.webmvc.ResourceNotFoundException,org.springframework.web.HttpRequestMethodNotSupportedException
2020-05-03 21:07:41.457  INFO 3996 --- [main] o.s.d.r.w.RepositoryRestHandlerMapping   : Mapped "{[/{repository}/{id}/{property}/{propertyId}],methods=[DELETE],produces=[application/hal+json || application/json]}" onto public org.springframework.http.ResponseEntity<org.springframework.hateoas.ResourceSupport> org.springframework.data.rest.webmvc.RepositoryPropertyReferenceController.deletePropertyReferenceId(org.springframework.data.rest.webmvc.RootResourceInformation,java.io.Serializable,java.lang.String,java.lang.String) throws java.lang.Exception
2020-05-03 21:07:41.457  INFO 3996 --- [main] o.s.d.r.w.RepositoryRestHandlerMapping   : Mapped "{[/{repository}/{id}/{property}],methods=[GET],produces=[application/x-spring-data-compact+json || text/uri-list]}" onto public org.springframework.http.ResponseEntity<org.springframework.hateoas.ResourceSupport> org.springframework.data.rest.webmvc.RepositoryPropertyReferenceController.followPropertyReferenceCompact(org.springframework.data.rest.webmvc.RootResourceInformation,java.io.Serializable,java.lang.String,org.springframework.data.rest.webmvc.PersistentEntityResourceAssembler) throws java.lang.Exception
2020-05-03 21:07:41.457  INFO 3996 --- [main] o.s.d.r.w.RepositoryRestHandlerMapping   : Mapped "{[/{repository}/{id}/{property}],methods=[PATCH || PUT || POST],consumes=[application/json || application/x-spring-data-compact+json || text/uri-list],produces=[application/hal+json || application/json]}" onto public org.springframework.http.ResponseEntity<? extends org.springframework.hateoas.ResourceSupport> org.springframework.data.rest.webmvc.RepositoryPropertyReferenceController.createPropertyReference(org.springframework.data.rest.webmvc.RootResourceInformation,org.springframework.http.HttpMethod,org.springframework.hateoas.Resources<java.lang.Object>,java.io.Serializable,java.lang.String) throws java.lang.Exception
2020-05-03 21:07:41.457  INFO 3996 --- [main] o.s.d.r.w.RepositoryRestHandlerMapping   : Mapped "{[/{repository}/{id}/{property}],methods=[GET],produces=[application/hal+json || application/json]}" onto public org.springframework.http.ResponseEntity<org.springframework.hateoas.ResourceSupport> org.springframework.data.rest.webmvc.RepositoryPropertyReferenceController.followPropertyReference(org.springframework.data.rest.webmvc.RootResourceInformation,java.io.Serializable,java.lang.String,org.springframework.data.rest.webmvc.PersistentEntityResourceAssembler) throws java.lang.Exception
2020-05-03 21:07:41.473  INFO 3996 --- [main] o.s.d.r.w.RepositoryRestHandlerMapping   : Mapped "{[/{repository}/{id}/{property}/{propertyId}],methods=[GET],produces=[application/hal+json || application/json]}" onto public org.springframework.http.ResponseEntity<org.springframework.hateoas.ResourceSupport> org.springframework.data.rest.webmvc.RepositoryPropertyReferenceController.followPropertyReference(org.springframework.data.rest.webmvc.RootResourceInformation,java.io.Serializable,java.lang.String,java.lang.String,org.springframework.data.rest.webmvc.PersistentEntityResourceAssembler) throws java.lang.Exception
2020-05-03 21:07:41.473  INFO 3996 --- [main] o.s.d.r.w.RepositoryRestHandlerMapping   : Mapped "{[/{repository}/{id}/{property}],methods=[DELETE],produces=[application/hal+json || application/json]}" onto public org.springframework.http.ResponseEntity<? extends org.springframework.hateoas.ResourceSupport> org.springframework.data.rest.webmvc.RepositoryPropertyReferenceController.deletePropertyReference(org.springframework.data.rest.webmvc.RootResourceInformation,java.io.Serializable,java.lang.String) throws java.lang.Exception
2020-05-03 21:07:41.473  INFO 3996 --- [main] o.s.d.r.w.RepositoryRestHandlerMapping   : Mapped "{[/{repository}/search/{search}],methods=[OPTIONS],produces=[application/hal+json || application/json]}" onto public org.springframework.http.ResponseEntity<java.lang.Object> org.springframework.data.rest.webmvc.RepositorySearchController.optionsForSearch(org.springframework.data.rest.webmvc.RootResourceInformation,java.lang.String)
2020-05-03 21:07:41.473  INFO 3996 --- [main] o.s.d.r.w.RepositoryRestHandlerMapping   : Mapped "{[/{repository}/search/{search}],methods=[HEAD],produces=[application/hal+json || application/json]}" onto public org.springframework.http.ResponseEntity<java.lang.Object> org.springframework.data.rest.webmvc.RepositorySearchController.headForSearch(org.springframework.data.rest.webmvc.RootResourceInformation,java.lang.String)
2020-05-03 21:07:41.473  INFO 3996 --- [main] o.s.d.r.w.RepositoryRestHandlerMapping   : Mapped "{[/{repository}/search],methods=[HEAD],produces=[application/hal+json || application/json]}" onto public org.springframework.http.HttpEntity<?> org.springframework.data.rest.webmvc.RepositorySearchController.headForSearches(org.springframework.data.rest.webmvc.RootResourceInformation)
2020-05-03 21:07:41.473  INFO 3996 --- [main] o.s.d.r.w.RepositoryRestHandlerMapping   : Mapped "{[/{repository}/search],methods=[GET],produces=[application/hal+json || application/json]}" onto public org.springframework.data.rest.webmvc.RepositorySearchesResource org.springframework.data.rest.webmvc.RepositorySearchController.listSearches(org.springframework.data.rest.webmvc.RootResourceInformation)
2020-05-03 21:07:41.488  INFO 3996 --- [main] o.s.d.r.w.RepositoryRestHandlerMapping   : Mapped "{[/{repository}/search/{search}],methods=[GET],produces=[application/hal+json || application/json]}" onto public org.springframework.http.ResponseEntity<?> org.springframework.data.rest.webmvc.RepositorySearchController.executeSearch(org.springframework.data.rest.webmvc.RootResourceInformation,org.springframework.util.MultiValueMap<java.lang.String, java.lang.Object>,java.lang.String,org.springframework.data.rest.webmvc.support.DefaultedPageable,org.springframework.data.domain.Sort,org.springframework.data.rest.webmvc.PersistentEntityResourceAssembler,org.springframework.http.HttpHeaders)
2020-05-03 21:07:41.488  INFO 3996 --- [main] o.s.d.r.w.RepositoryRestHandlerMapping   : Mapped "{[/{repository}/search/{search}],methods=[GET],produces=[application/x-spring-data-compact+json]}" onto public org.springframework.hateoas.ResourceSupport org.springframework.data.rest.webmvc.RepositorySearchController.executeSearchCompact(org.springframework.data.rest.webmvc.RootResourceInformation,org.springframework.http.HttpHeaders,org.springframework.util.MultiValueMap<java.lang.String, java.lang.Object>,java.lang.String,java.lang.String,org.springframework.data.rest.webmvc.support.DefaultedPageable,org.springframework.data.domain.Sort,org.springframework.data.rest.webmvc.PersistentEntityResourceAssembler)
2020-05-03 21:07:41.488  INFO 3996 --- [main] o.s.d.r.w.RepositoryRestHandlerMapping   : Mapped "{[/{repository}/search],methods=[OPTIONS],produces=[application/hal+json || application/json]}" onto public org.springframework.http.HttpEntity<?> org.springframework.data.rest.webmvc.RepositorySearchController.optionsForSearches(org.springframework.data.rest.webmvc.RootResourceInformation)
2020-05-03 21:07:41.504  INFO 3996 --- [main] o.s.d.r.w.RepositoryRestHandlerMapping   : Mapped "{[/ || ],methods=[GET],produces=[application/hal+json || application/json]}" onto public org.springframework.http.HttpEntity<org.springframework.data.rest.webmvc.RepositoryLinksResource> org.springframework.data.rest.webmvc.RepositoryController.listRepositories()
2020-05-03 21:07:41.504  INFO 3996 --- [main] o.s.d.r.w.RepositoryRestHandlerMapping   : Mapped "{[/ || ],methods=[HEAD],produces=[application/hal+json || application/json]}" onto public org.springframework.http.ResponseEntity<?> org.springframework.data.rest.webmvc.RepositoryController.headForRepositories()
2020-05-03 21:07:41.520  INFO 3996 --- [main] o.s.d.r.w.RepositoryRestHandlerMapping   : Mapped "{[/ || ],methods=[OPTIONS],produces=[application/hal+json || application/json]}" onto public org.springframework.http.HttpEntity<?> org.springframework.data.rest.webmvc.RepositoryController.optionsForRepositories()
2020-05-03 21:07:41.535  INFO 3996 --- [main] o.s.d.r.w.BasePathAwareHandlerMapping    : Mapped "{[/profile],methods=[OPTIONS]}" onto public org.springframework.http.HttpEntity<?> org.springframework.data.rest.webmvc.ProfileController.profileOptions()
2020-05-03 21:07:41.535  INFO 3996 --- [main] o.s.d.r.w.BasePathAwareHandlerMapping    : Mapped "{[/profile],methods=[GET]}" onto org.springframework.http.HttpEntity<org.springframework.hateoas.ResourceSupport> org.springframework.data.rest.webmvc.ProfileController.listAllFormsOfMetadata()
2020-05-03 21:07:41.535  INFO 3996 --- [main] o.s.d.r.w.BasePathAwareHandlerMapping    : Mapped "{[/profile/{repository}],methods=[GET],produces=[application/schema+json]}" onto public org.springframework.http.HttpEntity<org.springframework.data.rest.webmvc.json.JsonSchema> org.springframework.data.rest.webmvc.RepositorySchemaController.schema(org.springframework.data.rest.webmvc.RootResourceInformation)
2020-05-03 21:07:41.535  INFO 3996 --- [main] o.s.d.r.w.BasePathAwareHandlerMapping    : Mapped "{[/profile/{repository}],methods=[GET],produces=[application/alps+json || */*]}" onto org.springframework.http.HttpEntity<org.springframework.data.rest.webmvc.RootResourceInformation> org.springframework.data.rest.webmvc.alps.AlpsController.descriptor(org.springframework.data.rest.webmvc.RootResourceInformation)
2020-05-03 21:07:41.535  INFO 3996 --- [main] o.s.d.r.w.BasePathAwareHandlerMapping    : Mapped "{[/profile/{repository}],methods=[OPTIONS],produces=[application/alps+json]}" onto org.springframework.http.HttpEntity<?> org.springframework.data.rest.webmvc.alps.AlpsController.alpsOptions()
2020-05-03 21:07:42.110  INFO 3996 --- [main] o.s.j.e.a.AnnotationMBeanExporter        : Registering beans for JMX exposure on startup
2020-05-03 21:07:42.114  INFO 3996 --- [main] o.s.j.e.a.AnnotationMBeanExporter        : Bean with name 'dataSource' has been autodetected for JMX exposure
2020-05-03 21:07:42.132  INFO 3996 --- [main] o.s.j.e.a.AnnotationMBeanExporter        : Located MBean 'dataSource': registering with JMX server as MBean [com.zaxxer.hikari:name=dataSource,type=HikariDataSource]
2020-05-03 21:07:42.237  INFO 3996 --- [main] o.s.b.w.embedded.tomcat.TomcatWebServer  : Tomcat started on port(s): 8081 (http) with context path ''
2020-05-03 21:07:42.245  INFO 3996 --- [main] com.bsuir.BackendApplication             : Started BackendApplication in 33.176 seconds (JVM running for 39.401)
2020-05-03 21:11:45.261  INFO 3996 --- [http-nio-8081-exec-1] o.a.c.c.C.[Tomcat].[localhost].[/]       : Initializing Spring FrameworkServlet 'dispatcherServlet'
2020-05-03 21:11:45.429  WARN 3996 --- [http-nio-8081-exec-1] com.bsuir.security.jwt.JwtRequestFilter  : JWT Token does not begin with Bearer String
2020-05-03 21:11:45.820  INFO 3996 --- [http-nio-8081-exec-1] com.bsuir.controller.UserController      : Try sign in user: qwe123
2020-05-03 21:11:46.279  INFO 3996 --- [http-nio-8081-exec-1] o.h.h.i.QueryTranslatorFactoryInitiator  : HHH000397: Using ASTQueryTranslatorFactory
2020-05-03 21:11:46.862  WARN 3996 --- [http-nio-8081-exec-1] o.s.s.c.bcrypt.BCryptPasswordEncoder     : Encoded password does not look like BCrypt
2020-05-03 21:11:46.864 ERROR 3996 --- [http-nio-8081-exec-1] com.bsuir.controller.UserController      : INVALID_CREDENTIALS
2020-05-03 21:12:58.896  INFO 3996 --- [http-nio-8081-exec-6] com.bsuir.controller.UserController      : Get parameters fro users' sorting
2020-05-03 21:12:59.118  INFO 3996 --- [http-nio-8081-exec-5] com.bsuir.controller.UserController      : Get sorted users with parameters:  page: 0 size: 5 direction: true
2020-05-03 21:15:53.783  INFO 3996 --- [http-nio-8081-exec-9] com.bsuir.controller.ProjectController   : Get parameters for project sorting
2020-05-03 21:15:54.145  INFO 3996 --- [http-nio-8081-exec-8] com.bsuir.controller.ProjectController   : Get sorted users with parameters  page: 0 size: 5 direction: true
2020-05-03 21:15:54.861  INFO 3996 --- [http-nio-8081-exec-7] com.bsuir.controller.UserController      : Get parameters fro users' sorting
2020-05-03 21:15:55.213  INFO 3996 --- [http-nio-8081-exec-6] com.bsuir.controller.UserController      : Get sorted users with parameters:  page: 0 size: 5 direction: true
2020-05-03 21:15:57.035  INFO 3996 --- [http-nio-8081-exec-5] com.bsuir.controller.UserController      : Get sorted users with parameters:  page: 1 size: 5 direction: true
2020-05-03 21:15:58.588  INFO 3996 --- [http-nio-8081-exec-4] com.bsuir.controller.UserController      : Get sorted users with parameters:  page: 0 size: 5 direction: true
2020-05-03 21:17:47.252  INFO 3996 --- [http-nio-8081-exec-10] com.bsuir.controller.UserController      : Get parameters fro users' sorting
2020-05-03 21:17:47.400  INFO 3996 --- [http-nio-8081-exec-1] com.bsuir.controller.UserController      : Get sorted users with parameters:  page: 0 size: 5 direction: true
2020-05-03 21:22:41.066  INFO 3996 --- [http-nio-8081-exec-8] com.bsuir.controller.UserController      : Get parameters fro users' sorting
2020-05-03 21:22:41.169  INFO 3996 --- [http-nio-8081-exec-7] com.bsuir.controller.UserController      : Get sorted users with parameters:  page: 0 size: 5 direction: true
2020-05-03 21:28:06.097  INFO 3996 --- [http-nio-8081-exec-4] com.bsuir.controller.UserController      : Get parameters fro users' sorting
2020-05-03 21:28:06.239  INFO 3996 --- [http-nio-8081-exec-3] com.bsuir.controller.UserController      : Get sorted users with parameters:  page: 0 size: 5 direction: true
2020-05-03 21:28:08.690  INFO 3996 --- [http-nio-8081-exec-10] com.bsuir.controller.UserController      : Get sorted users with parameters:  page: 1 size: 5 direction: true
2020-05-03 21:28:12.609  INFO 3996 --- [http-nio-8081-exec-1] com.bsuir.controller.UserController      : Get sorted users with parameters:  page: 0 size: 5 direction: true
2020-05-03 21:29:20.559  INFO 3996 --- [http-nio-8081-exec-8] com.bsuir.controller.UserController      : Get parameters fro users' sorting
2020-05-03 21:29:20.650  INFO 3996 --- [http-nio-8081-exec-7] com.bsuir.controller.UserController      : Get sorted users with parameters:  page: 0 size: 5 direction: true
2020-05-03 21:30:36.787  INFO 3996 --- [http-nio-8081-exec-4] com.bsuir.controller.UserController      : Get sorted users with parameters:  page: 2 size: 5 direction: true
2020-05-03 21:30:39.531  INFO 3996 --- [http-nio-8081-exec-3] com.bsuir.controller.UserController      : Get sorted users with parameters:  page: 1 size: 5 direction: true
2020-05-03 21:30:41.540  INFO 3996 --- [http-nio-8081-exec-10] com.bsuir.controller.UserController      : Get sorted users with parameters:  page: 0 size: 5 direction: true
2020-05-03 21:30:43.674  INFO 3996 --- [http-nio-8081-exec-1] com.bsuir.controller.UserController      : Get sorted users with parameters:  page: 0 size: 5 direction: false
2020-05-03 21:30:45.949  INFO 3996 --- [http-nio-8081-exec-2] com.bsuir.controller.UserController      : Get sorted users with parameters:  page: 0 size: 5 direction: true
2020-05-03 21:30:48.382  INFO 3996 --- [http-nio-8081-exec-9] com.bsuir.controller.UserController      : Get sorted users with parameters:  page: 1 size: 5 direction: true
2020-05-03 21:30:49.652  INFO 3996 --- [http-nio-8081-exec-8] com.bsuir.controller.UserController      : Get sorted users with parameters:  page: 2 size: 5 direction: true
2020-05-03 21:30:53.310  INFO 3996 --- [http-nio-8081-exec-7] com.bsuir.controller.UserController      : Get sorted users with parameters:  page: 0 size: 5 direction: true
2020-05-03 21:30:56.029  INFO 3996 --- [http-nio-8081-exec-6] com.bsuir.controller.UserController      : Get sorted users with parameters:  page: 0 size: 5 direction: false
2020-05-03 21:31:00.115  INFO 3996 --- [http-nio-8081-exec-5] com.bsuir.controller.UserController      : Get sorted users with parameters:  page: 0 size: 5 direction: true
2020-05-03 21:31:06.843  INFO 3996 --- [http-nio-8081-exec-4] com.bsuir.controller.UserController      : Get sorted users with parameters:  page: 1 size: 5 direction: true
2020-05-03 21:31:07.872  INFO 3996 --- [http-nio-8081-exec-3] com.bsuir.controller.UserController      : Get sorted users with parameters:  page: 2 size: 5 direction: true
2020-05-03 21:31:09.581  INFO 3996 --- [http-nio-8081-exec-10] com.bsuir.controller.UserController      : Get sorted users with parameters:  page: 1 size: 5 direction: true
2020-05-03 21:31:10.846  INFO 3996 --- [http-nio-8081-exec-1] com.bsuir.controller.UserController      : Get sorted users with parameters:  page: 0 size: 5 direction: true
2020-05-03 21:31:11.546  INFO 3996 --- [http-nio-8081-exec-2] com.bsuir.controller.UserController      : Get sorted users with parameters:  page: 0 size: 5 direction: false
2020-05-03 21:31:15.865  INFO 3996 --- [http-nio-8081-exec-9] com.bsuir.controller.UserController      : Get sorted users with parameters:  page: 1 size: 5 direction: false
2020-05-03 21:31:17.828  INFO 3996 --- [http-nio-8081-exec-8] com.bsuir.controller.UserController      : Get sorted users with parameters:  page: 2 size: 5 direction: false
2020-05-03 21:31:19.537  INFO 3996 --- [http-nio-8081-exec-7] com.bsuir.controller.UserController      : Get sorted users with parameters:  page: 0 size: 5 direction: false
2020-05-03 21:31:20.659  INFO 3996 --- [http-nio-8081-exec-6] com.bsuir.controller.UserController      : Get sorted users with parameters:  page: 0 size: 5 direction: true
2020-05-03 21:32:27.850  INFO 3996 --- [http-nio-8081-exec-5] com.bsuir.controller.UserController      : Get parameters fro users' sorting
2020-05-03 21:32:27.992  INFO 3996 --- [http-nio-8081-exec-4] com.bsuir.controller.UserController      : Get sorted users with parameters:  page: 0 size: 5 direction: true
2020-05-03 21:33:09.776  WARN 3996 --- [http-nio-8081-exec-3] com.bsuir.security.jwt.JwtRequestFilter  : JWT Token does not begin with Bearer String
2020-05-03 21:33:09.780  INFO 3996 --- [http-nio-8081-exec-3] com.bsuir.controller.UserController      : Try sign in user: kluw123
2020-05-03 21:33:09.786  WARN 3996 --- [http-nio-8081-exec-3] o.s.s.c.bcrypt.BCryptPasswordEncoder     : Encoded password does not look like BCrypt
2020-05-03 21:33:09.787 ERROR 3996 --- [http-nio-8081-exec-3] com.bsuir.controller.UserController      : INVALID_CREDENTIALS
2020-05-03 21:34:01.523  INFO 3996 --- [http-nio-8081-exec-2] com.bsuir.controller.ProjectController   : Save project: Создание турборакеты
2020-05-03 21:35:48.023  INFO 3996 --- [http-nio-8081-exec-9] com.bsuir.controller.ProjectController   : Save project: Пройти подземелье
2020-05-03 21:36:38.646  INFO 3996 --- [http-nio-8081-exec-8] com.bsuir.controller.ProjectController   : Save project: Невероятный проект
2020-05-03 21:36:41.778  INFO 3996 --- [http-nio-8081-exec-7] com.bsuir.controller.UserController      : Get parameters fro users' sorting
2020-05-03 21:36:42.128  INFO 3996 --- [http-nio-8081-exec-6] com.bsuir.controller.UserController      : Get sorted users with parameters:  page: 0 size: 5 direction: true
2020-05-03 21:36:43.166  INFO 3996 --- [http-nio-8081-exec-5] com.bsuir.controller.UserController      : Get sorted users with parameters:  page: 2 size: 5 direction: true
2020-05-03 21:36:51.901  INFO 3996 --- [http-nio-8081-exec-1] com.bsuir.controller.ProjectController   : Get parameters for project sorting
2020-05-03 21:36:52.255  INFO 3996 --- [http-nio-8081-exec-2] com.bsuir.controller.ProjectController   : Get sorted users with parameters  page: 0 size: 5 direction: true
2020-05-03 21:37:04.658  INFO 3996 --- [http-nio-8081-exec-9] com.bsuir.controller.UserController      : Get parameters fro users' sorting
2020-05-03 21:37:04.889  INFO 3996 --- [http-nio-8081-exec-8] com.bsuir.controller.UserController      : Get sorted users with parameters:  page: 0 size: 5 direction: true
2020-05-03 21:37:07.743  INFO 3996 --- [http-nio-8081-exec-7] com.bsuir.controller.UserController      : Get sorted users with parameters:  page: 0 size: 5 direction: false
2020-05-03 21:37:10.183  INFO 3996 --- [http-nio-8081-exec-6] com.bsuir.controller.UserController      : Get sorted users with parameters:  page: 0 size: 5 direction: true
2020-05-03 21:37:12.393  INFO 3996 --- [http-nio-8081-exec-5] com.bsuir.controller.UserController      : Get sorted users with parameters:  page: 1 size: 5 direction: true
2020-05-03 21:37:13.960  INFO 3996 --- [http-nio-8081-exec-3] com.bsuir.controller.UserController      : Get sorted users with parameters:  page: 2 size: 5 direction: true
2020-05-03 21:37:15.496  INFO 3996 --- [http-nio-8081-exec-4] com.bsuir.controller.UserController      : Get sorted users with parameters:  page: 1 size: 5 direction: true
2020-05-03 21:37:16.913  INFO 3996 --- [http-nio-8081-exec-10] com.bsuir.controller.UserController      : Get sorted users with parameters:  page: 0 size: 5 direction: true
2020-05-03 21:37:17.612  INFO 3996 --- [http-nio-8081-exec-1] com.bsuir.controller.UserController      : Get sorted users with parameters:  page: 0 size: 5 direction: false
2020-05-03 21:37:21.649  INFO 3996 --- [http-nio-8081-exec-2] com.bsuir.controller.UserController      : Get sorted users with parameters:  page: 1 size: 5 direction: false
2020-05-03 21:37:24.097  INFO 3996 --- [http-nio-8081-exec-9] com.bsuir.controller.UserController      : Get sorted users with parameters:  page: 2 size: 5 direction: false
2020-05-03 21:37:26.440  INFO 3996 --- [http-nio-8081-exec-8] com.bsuir.controller.UserController      : Get sorted users with parameters:  page: 0 size: 5 direction: false
2020-05-03 21:37:27.691  INFO 3996 --- [http-nio-8081-exec-7] com.bsuir.controller.UserController      : Get sorted users with parameters:  page: 0 size: 5 direction: true
2020-05-03 21:38:32.641  INFO 3996 --- [http-nio-8081-exec-6] com.bsuir.controller.UserController      : Get parameters fro users' sorting
2020-05-03 21:38:32.798  INFO 3996 --- [http-nio-8081-exec-5] com.bsuir.controller.UserController      : Get sorted users with parameters:  page: 0 size: 5 direction: true
2020-05-03 21:38:34.056  INFO 3996 --- [http-nio-8081-exec-3] com.bsuir.controller.UserController      : Get sorted users with parameters:  page: 0 size: 5 direction: false
2020-05-03 21:38:36.406  INFO 3996 --- [http-nio-8081-exec-4] com.bsuir.controller.UserController      : Get sorted users with parameters:  page: 1 size: 5 direction: false
2020-05-03 21:38:38.176  INFO 3996 --- [http-nio-8081-exec-10] com.bsuir.controller.UserController      : Get sorted users with parameters:  page: 2 size: 5 direction: false
2020-05-03 21:38:39.492  INFO 3996 --- [http-nio-8081-exec-1] com.bsuir.controller.UserController      : Get sorted users with parameters:  page: 0 size: 5 direction: false
2020-05-03 21:38:44.360  INFO 3996 --- [http-nio-8081-exec-8] com.bsuir.controller.ProjectController   : Get all projects
2020-05-03 21:38:49.683  INFO 3996 --- [http-nio-8081-exec-5] com.bsuir.controller.UserController      : Get parameters fro users' sorting
2020-05-03 21:38:50.016  INFO 3996 --- [http-nio-8081-exec-3] com.bsuir.controller.UserController      : Get sorted users with parameters:  page: 0 size: 5 direction: true
2020-05-03 21:38:51.385  INFO 3996 --- [http-nio-8081-exec-4] com.bsuir.controller.UserController      : Get sorted users with parameters:  page: 0 size: 5 direction: false
2020-05-03 21:38:55.401  INFO 3996 --- [http-nio-8081-exec-2] com.bsuir.controller.ProjectController   : Get all projects
2020-05-03 21:38:59.983  INFO 3996 --- [http-nio-8081-exec-7] com.bsuir.controller.UserController      : Get parameters fro users' sorting
2020-05-03 21:39:00.324  INFO 3996 --- [http-nio-8081-exec-6] com.bsuir.controller.UserController      : Get sorted users with parameters:  page: 0 size: 5 direction: true
2020-05-03 21:39:01.039  INFO 3996 --- [http-nio-8081-exec-5] com.bsuir.controller.UserController      : Get sorted users with parameters:  page: 0 size: 5 direction: false
2020-05-03 21:39:04.475  INFO 3996 --- [http-nio-8081-exec-10] com.bsuir.controller.ProjectController   : Get all projects
2020-05-03 21:39:11.631  INFO 3996 --- [http-nio-8081-exec-9] com.bsuir.controller.UserController      : Get parameters fro users' sorting
2020-05-03 21:39:11.901  INFO 3996 --- [http-nio-8081-exec-8] com.bsuir.controller.UserController      : Get sorted users with parameters:  page: 0 size: 5 direction: true
2020-05-03 21:39:19.032  INFO 3996 --- [http-nio-8081-exec-5] com.bsuir.controller.ProjectController   : Get all projects
2020-05-03 21:39:23.284  INFO 3996 --- [http-nio-8081-exec-10] com.bsuir.controller.UserController      : Get parameters fro users' sorting
2020-05-03 21:39:23.618  INFO 3996 --- [http-nio-8081-exec-1] com.bsuir.controller.UserController      : Get sorted users with parameters:  page: 0 size: 5 direction: true
2020-05-03 21:39:26.076  INFO 3996 --- [http-nio-8081-exec-8] com.bsuir.controller.ProjectController   : Get all projects
2020-05-03 21:39:30.289  INFO 3996 --- [http-nio-8081-exec-5] com.bsuir.controller.UserController      : Get parameters fro users' sorting
2020-05-03 21:39:30.676  INFO 3996 --- [http-nio-8081-exec-3] com.bsuir.controller.UserController      : Get sorted users with parameters:  page: 0 size: 5 direction: true
2020-05-03 21:39:32.914  INFO 3996 --- [http-nio-8081-exec-1] com.bsuir.controller.ProjectController   : Get all projects
2020-05-03 21:39:36.614  INFO 3996 --- [http-nio-8081-exec-8] com.bsuir.controller.UserController      : Get parameters fro users' sorting
2020-05-03 21:39:36.984  INFO 3996 --- [http-nio-8081-exec-7] com.bsuir.controller.UserController      : Get sorted users with parameters:  page: 0 size: 5 direction: true
2020-05-03 21:39:42.291  INFO 3996 --- [http-nio-8081-exec-3] com.bsuir.controller.ProjectController   : Get all projects
2020-05-03 21:39:46.407  INFO 3996 --- [http-nio-8081-exec-1] com.bsuir.controller.UserController      : Get parameters fro users' sorting
2020-05-03 21:39:46.746  INFO 3996 --- [http-nio-8081-exec-2] com.bsuir.controller.UserController      : Get sorted users with parameters:  page: 0 size: 5 direction: true
2020-05-03 21:39:49.819  INFO 3996 --- [http-nio-8081-exec-9] com.bsuir.controller.UserController      : Get sorted users with parameters:  page: 1 size: 5 direction: true
2020-05-03 21:39:53.648  INFO 3996 --- [http-nio-8081-exec-6] com.bsuir.controller.ProjectController   : Get all projects
2020-05-03 21:39:57.202  INFO 3996 --- [http-nio-8081-exec-4] com.bsuir.controller.UserController      : Get parameters fro users' sorting
2020-05-03 21:39:57.558  INFO 3996 --- [http-nio-8081-exec-10] com.bsuir.controller.UserController      : Get sorted users with parameters:  page: 0 size: 5 direction: true
2020-05-03 21:39:58.451  INFO 3996 --- [http-nio-8081-exec-1] com.bsuir.controller.UserController      : Get sorted users with parameters:  page: 1 size: 5 direction: true
2020-05-03 21:40:04.777  INFO 3996 --- [http-nio-8081-exec-8] com.bsuir.controller.ProjectController   : Get all projects
2020-05-03 21:40:08.397  INFO 3996 --- [http-nio-8081-exec-5] com.bsuir.controller.UserController      : Get parameters fro users' sorting
2020-05-03 21:40:08.645  INFO 3996 --- [http-nio-8081-exec-3] com.bsuir.controller.UserController      : Get sorted users with parameters:  page: 0 size: 5 direction: true
2020-05-03 21:40:10.167  INFO 3996 --- [http-nio-8081-exec-4] com.bsuir.controller.UserController      : Get sorted users with parameters:  page: 1 size: 5 direction: true
2020-05-03 21:40:12.618  INFO 3996 --- [http-nio-8081-exec-10] com.bsuir.controller.UserController      : Get sorted users with parameters:  page: 2 size: 5 direction: true
2020-05-03 21:40:15.678  INFO 3996 --- [http-nio-8081-exec-1] com.bsuir.controller.UserController      : Get sorted users with parameters:  page: 1 size: 5 direction: true
2020-05-03 21:40:20.464  INFO 3996 --- [http-nio-8081-exec-2] com.bsuir.controller.UserController      : Get sorted users with parameters:  page: 0 size: 5 direction: true
2020-05-03 21:40:23.445  INFO 3996 --- [http-nio-8081-exec-9] com.bsuir.controller.UserController      : Get sorted users with parameters:  page: 1 size: 5 direction: true
2020-05-03 21:40:34.025  INFO 3996 --- [http-nio-8081-exec-6] com.bsuir.controller.UserController      : Get parameters fro users' sorting
2020-05-03 21:40:34.358  INFO 3996 --- [http-nio-8081-exec-5] com.bsuir.controller.UserController      : Get sorted users with parameters:  page: 0 size: 5 direction: true
2020-05-03 21:40:36.014  INFO 3996 --- [http-nio-8081-exec-3] com.bsuir.controller.UserController      : Get sorted users with parameters:  page: 1 size: 5 direction: true
2020-05-03 21:40:41.024  INFO 3996 --- [http-nio-8081-exec-1] com.bsuir.controller.ProjectController   : Get all projects
2020-05-03 21:40:45.615  INFO 3996 --- [http-nio-8081-exec-8] com.bsuir.controller.UserController      : Get parameters fro users' sorting
2020-05-03 21:40:45.947  INFO 3996 --- [http-nio-8081-exec-7] com.bsuir.controller.UserController      : Get sorted users with parameters:  page: 0 size: 5 direction: true
2020-05-03 21:40:46.859  INFO 3996 --- [http-nio-8081-exec-6] com.bsuir.controller.UserController      : Get sorted users with parameters:  page: 2 size: 5 direction: true
2020-05-03 21:40:49.794  INFO 3996 --- [http-nio-8081-exec-4] com.bsuir.controller.ProjectController   : Get all projects
2020-05-03 21:41:03.412  INFO 3996 --- [http-nio-8081-exec-7] com.bsuir.controller.TaskController      : Get parameters for task sorting
2020-05-03 21:41:03.661  INFO 3996 --- [http-nio-8081-exec-6] com.bsuir.controller.TaskController      : Get sorted users with parameters:  page: 0 size: 5 direction: true
2020-05-03 21:41:05.926  INFO 3996 --- [http-nio-8081-exec-5] com.bsuir.controller.ProjectController   : Get parameters for project sorting
2020-05-03 21:41:06.275  INFO 3996 --- [http-nio-8081-exec-3] com.bsuir.controller.ProjectController   : Get sorted users with parameters  page: 0 size: 5 direction: true
2020-05-03 21:41:10.842  INFO 3996 --- [http-nio-8081-exec-4] com.bsuir.controller.UserController      : Get parameters fro users' sorting
2020-05-03 21:41:11.184  INFO 3996 --- [http-nio-8081-exec-10] com.bsuir.controller.UserController      : Get sorted users with parameters:  page: 0 size: 5 direction: true
2020-05-03 21:41:15.685  INFO 3996 --- [http-nio-8081-exec-1] com.bsuir.controller.UserController      : Get sorted users with parameters:  page: 1 size: 5 direction: true
2020-05-03 21:41:17.121  INFO 3996 --- [http-nio-8081-exec-2] com.bsuir.controller.UserController      : Get sorted users with parameters:  page: 2 size: 5 direction: true
2020-05-03 21:41:18.533  INFO 3996 --- [http-nio-8081-exec-9] com.bsuir.controller.UserController      : Get sorted users with parameters:  page: 1 size: 5 direction: true
2020-05-03 21:41:20.010  INFO 3996 --- [http-nio-8081-exec-8] com.bsuir.controller.UserController      : Get sorted users with parameters:  page: 0 size: 5 direction: true
2020-05-03 21:41:31.670  INFO 3996 --- [http-nio-8081-exec-7] com.bsuir.controller.ProjectController   : Get parameters for project sorting
2020-05-03 21:41:31.928  INFO 3996 --- [http-nio-8081-exec-6] com.bsuir.controller.ProjectController   : Get sorted users with parameters  page: 0 size: 5 direction: true
2020-05-03 21:42:26.370  INFO 3996 --- [http-nio-8081-exec-3] com.bsuir.controller.TaskController      : Save task: Невероятная задача
2020-05-03 21:43:36.651  INFO 3996 --- [http-nio-8081-exec-10] com.bsuir.controller.TaskController      : Save task: WOW задача
2020-05-03 21:44:31.232  INFO 3996 --- [http-nio-8081-exec-2] com.bsuir.controller.TaskController      : Save task: Печальная задача
2020-05-03 21:45:17.329  INFO 3996 --- [http-nio-8081-exec-8] com.bsuir.controller.TaskController      : Save task: Непечальная задача
2020-05-03 21:45:53.064  INFO 3996 --- [http-nio-8081-exec-6] com.bsuir.controller.TaskController      : Save task: Финальная задача
2020-05-03 21:45:56.944  INFO 3996 --- [http-nio-8081-exec-5] com.bsuir.controller.TaskController      : Get parameters for task sorting
2020-05-03 21:45:57.207  INFO 3996 --- [http-nio-8081-exec-3] com.bsuir.controller.TaskController      : Get sorted users with parameters:  page: 0 size: 5 direction: true
2020-05-03 21:45:59.443  INFO 3996 --- [http-nio-8081-exec-4] com.bsuir.controller.ProjectController   : Get parameters for project sorting
2020-05-03 21:45:59.821  INFO 3996 --- [http-nio-8081-exec-10] com.bsuir.controller.ProjectController   : Get sorted users with parameters  page: 0 size: 5 direction: true
2020-05-03 21:46:50.767  INFO 3996 --- [http-nio-8081-exec-2] com.bsuir.controller.TaskController      : Save task: Создать сопл ракеты
2020-05-03 21:47:24.076  INFO 3996 --- [http-nio-8081-exec-8] com.bsuir.controller.TaskController      : Save task: Рассчитать топливо
2020-05-03 21:48:24.110  INFO 3996 --- [http-nio-8081-exec-6] com.bsuir.controller.TaskController      : Save task: Рекламная задача
2020-05-03 21:48:28.560  INFO 3996 --- [http-nio-8081-exec-5] com.bsuir.controller.TaskController      : Get parameters for task sorting
2020-05-03 21:48:28.826  INFO 3996 --- [http-nio-8081-exec-3] com.bsuir.controller.TaskController      : Get sorted users with parameters:  page: 0 size: 5 direction: true
2020-05-03 21:48:31.410  INFO 3996 --- [http-nio-8081-exec-4] com.bsuir.controller.TaskController      : Get sorted users with parameters:  page: 1 size: 5 direction: true
2020-05-03 21:48:32.918  INFO 3996 --- [http-nio-8081-exec-10] com.bsuir.controller.TaskController      : Get sorted users with parameters:  page: 0 size: 5 direction: true
2020-05-03 21:48:34.472  INFO 3996 --- [http-nio-8081-exec-1] com.bsuir.controller.ProjectController   : Get parameters for project sorting
2020-05-03 21:48:34.804  INFO 3996 --- [http-nio-8081-exec-2] com.bsuir.controller.ProjectController   : Get sorted users with parameters  page: 0 size: 5 direction: true
2020-05-03 21:51:39.373  INFO 3996 --- [http-nio-8081-exec-8] com.bsuir.controller.TaskController      : Save task: Подготовить Гагарина
2020-05-03 21:52:23.454  INFO 3996 --- [http-nio-8081-exec-6] com.bsuir.controller.TaskController      : Save task: Подготовить парашют
2020-05-03 21:53:00.689  INFO 3996 --- [http-nio-8081-exec-3] com.bsuir.controller.TaskController      : Save task: Собрать пати
2020-05-03 21:53:55.769  INFO 3996 --- [http-nio-8081-exec-10] com.bsuir.controller.TaskController      : Save task: Пройти стратегию
2020-05-03 21:53:57.574  INFO 3996 --- [http-nio-8081-exec-1] com.bsuir.controller.UserController      : Get parameters fro users' sorting
2020-05-03 21:53:57.912  INFO 3996 --- [http-nio-8081-exec-2] com.bsuir.controller.UserController      : Get sorted users with parameters:  page: 0 size: 5 direction: true
2020-05-03 21:53:58.661  INFO 3996 --- [http-nio-8081-exec-9] com.bsuir.controller.UserController      : Get sorted users with parameters:  page: 0 size: 5 direction: false
2020-05-03 21:53:59.726  INFO 3996 --- [http-nio-8081-exec-8] com.bsuir.controller.UserController      : Get sorted users with parameters:  page: 0 size: 5 direction: true
2020-05-03 21:54:45.267  INFO 3996 --- [http-nio-8081-exec-6] com.bsuir.controller.TaskController      : Save task: получить баффы
2020-05-03 21:55:14.193  INFO 3996 --- [http-nio-8081-exec-3] com.bsuir.controller.TaskController      : Save task: Проверить весь шмот
2020-05-03 21:56:46.516  INFO 3996 --- [http-nio-8081-exec-10] com.bsuir.controller.TaskController      : Save task: Пройти первого босса
2020-05-03 21:57:14.011  INFO 3996 --- [http-nio-8081-exec-2] com.bsuir.controller.TaskController      : Save task: Пройти второго босса
2020-05-03 21:57:57.021  INFO 3996 --- [http-nio-8081-exec-8] com.bsuir.controller.TaskController      : Save task: Пройти еще босса
2020-05-03 21:58:22.184  INFO 3996 --- [http-nio-8081-exec-6] com.bsuir.controller.TaskController      : Save task: Пройти ласт босса
2020-05-03 21:58:28.718  INFO 3996 --- [http-nio-8081-exec-5] com.bsuir.controller.TaskController      : Get parameters for task sorting
2020-05-03 21:58:28.969  INFO 3996 --- [http-nio-8081-exec-3] com.bsuir.controller.TaskController      : Get sorted users with parameters:  page: 0 size: 5 direction: true
2020-05-03 21:58:30.796  INFO 3996 --- [http-nio-8081-exec-4] com.bsuir.controller.ProjectController   : Get parameters for project sorting
2020-05-03 21:58:31.124  INFO 3996 --- [http-nio-8081-exec-10] com.bsuir.controller.ProjectController   : Get sorted users with parameters  page: 0 size: 5 direction: true
2020-05-03 21:58:35.734  INFO 3996 --- [http-nio-8081-exec-1] com.bsuir.controller.ProjectController   : Get project
2020-05-03 21:58:36.284  INFO 3996 --- [http-nio-8081-exec-2] com.bsuir.controller.TaskController      : Get task by project
2020-05-03 21:59:09.154  INFO 3996 --- [http-nio-8081-exec-7] com.bsuir.controller.UserController      : Get user by assign project
2020-05-03 21:59:34.225  INFO 3996 --- [http-nio-8081-exec-1] com.bsuir.controller.TaskController      : Get parameters for task sorting
2020-05-03 21:59:34.557  INFO 3996 --- [http-nio-8081-exec-2] com.bsuir.controller.TaskController      : Get sorted users with parameters:  page: 0 size: 5 direction: true
2020-05-03 21:59:35.543  INFO 3996 --- [http-nio-8081-exec-9] com.bsuir.controller.TaskController      : Get sorted users with parameters:  page: 0 size: 5 direction: false
2020-05-03 21:59:36.791  INFO 3996 --- [http-nio-8081-exec-8] com.bsuir.controller.TaskController      : Get sorted users with parameters:  page: 0 size: 5 direction: true
2020-05-03 21:59:37.634  INFO 3996 --- [http-nio-8081-exec-7] com.bsuir.controller.TaskController      : Get sorted users with parameters:  page: 0 size: 5 direction: false
2020-05-03 21:59:38.681  INFO 3996 --- [http-nio-8081-exec-6] com.bsuir.controller.TaskController      : Get sorted users with parameters:  page: 0 size: 5 direction: true
2020-05-03 21:59:39.688  INFO 3996 --- [http-nio-8081-exec-5] com.bsuir.controller.TaskController      : Get sorted users with parameters:  page: 0 size: 5 direction: false
2020-05-03 21:59:40.724  INFO 3996 --- [http-nio-8081-exec-3] com.bsuir.controller.TaskController      : Get sorted users with parameters:  page: 0 size: 5 direction: true
2020-05-03 21:59:45.127  INFO 3996 --- [http-nio-8081-exec-1] com.bsuir.controller.UserController      : Get parameters fro users' sorting
2020-05-03 21:59:45.454  INFO 3996 --- [http-nio-8081-exec-2] com.bsuir.controller.UserController      : Get sorted users with parameters:  page: 0 size: 5 direction: true
2020-05-03 22:00:01.156  INFO 3996 --- [http-nio-8081-exec-7] com.bsuir.controller.UserController      : Get parameters fro users' sorting
2020-05-03 22:00:01.408  INFO 3996 --- [http-nio-8081-exec-6] com.bsuir.controller.UserController      : Get sorted users with parameters:  page: 0 size: 5 direction: true
2020-05-03 22:00:49.437  INFO 3996 --- [http-nio-8081-exec-10] com.bsuir.controller.TaskController      : Save task: Дополнительная 
2020-05-03 22:00:52.198  INFO 3996 --- [http-nio-8081-exec-1] com.bsuir.controller.UserController      : Get parameters fro users' sorting
2020-05-03 22:00:52.532  INFO 3996 --- [http-nio-8081-exec-2] com.bsuir.controller.UserController      : Get sorted users with parameters:  page: 0 size: 5 direction: true
2020-05-03 22:01:02.894  INFO 3996 --- [http-nio-8081-exec-7] com.bsuir.controller.TaskController      : Get parameters for task sorting
2020-05-03 22:01:03.245  INFO 3996 --- [http-nio-8081-exec-6] com.bsuir.controller.TaskController      : Get sorted users with parameters:  page: 0 size: 5 direction: true
2020-05-03 22:01:11.703  INFO 3996 --- [http-nio-8081-exec-4] com.bsuir.controller.UserController      : Get user by assign project
2020-05-03 22:01:25.164  INFO 3996 --- [http-nio-8081-exec-9] com.bsuir.controller.TaskController      : Get parameters for task sorting
2020-05-03 22:01:25.418  INFO 3996 --- [http-nio-8081-exec-8] com.bsuir.controller.TaskController      : Get sorted users with parameters:  page: 0 size: 5 direction: true
2020-05-03 22:01:27.332  INFO 3996 --- [http-nio-8081-exec-7] com.bsuir.controller.TaskController      : Get sorted users with parameters:  page: 1 size: 5 direction: true
2020-05-03 22:01:34.654  INFO 3996 --- [http-nio-8081-exec-3] com.bsuir.controller.UserController      : Get user by assign project
2020-05-03 22:02:34.030  INFO 3996 --- [http-nio-8081-exec-2] com.bsuir.controller.TaskController      : Get parameters for task sorting
2020-05-03 22:02:34.283  INFO 3996 --- [http-nio-8081-exec-9] com.bsuir.controller.TaskController      : Get sorted users with parameters:  page: 0 size: 5 direction: true
2020-05-03 22:03:23.554  INFO 3996 --- [http-nio-8081-exec-5] com.bsuir.controller.TaskController      : Get parameters for task sorting
2020-05-03 22:03:23.798  INFO 3996 --- [http-nio-8081-exec-6] com.bsuir.controller.TaskController      : Get sorted users with parameters:  page: 0 size: 5 direction: true
2020-05-03 22:03:25.101  INFO 3996 --- [http-nio-8081-exec-3] com.bsuir.controller.TaskController      : Get sorted users with parameters:  page: 1 size: 5 direction: true
2020-05-03 22:03:26.270  INFO 3996 --- [http-nio-8081-exec-4] com.bsuir.controller.TaskController      : Get sorted users with parameters:  page: 2 size: 5 direction: true
2020-05-03 22:03:27.785  INFO 3996 --- [http-nio-8081-exec-10] com.bsuir.controller.TaskController      : Get sorted users with parameters:  page: 3 size: 5 direction: true
2020-05-03 22:03:36.397  INFO 3996 --- [http-nio-8081-exec-9] com.bsuir.controller.UserController      : Get user by assign project
2020-05-03 22:03:45.259  INFO 3996 --- [http-nio-8081-exec-4] com.bsuir.controller.ProjectController   : Get project
2020-05-03 22:03:45.590  INFO 3996 --- [http-nio-8081-exec-10] com.bsuir.controller.TaskController      : Get task by project
2020-05-03 22:05:01.072  INFO 3996 --- [http-nio-8081-exec-7] com.bsuir.controller.ProjectController   : Get parameters for project sorting
2020-05-03 22:05:01.326  INFO 3996 --- [http-nio-8081-exec-5] com.bsuir.controller.ProjectController   : Get sorted users with parameters  page: 0 size: 5 direction: true
2020-05-03 22:05:03.156  INFO 3996 --- [http-nio-8081-exec-6] com.bsuir.controller.TaskController      : Get parameters for task sorting
2020-05-03 22:05:03.529  INFO 3996 --- [http-nio-8081-exec-3] com.bsuir.controller.TaskController      : Get sorted users with parameters:  page: 0 size: 5 direction: true
2020-05-03 22:05:38.766  INFO 3996 --- [http-nio-8081-exec-10] com.bsuir.controller.TaskController      : Save task: Подготовить провиант
2020-05-03 22:05:43.110  INFO 3996 --- [http-nio-8081-exec-2] com.bsuir.controller.TaskController      : Get sorted users with parameters:  page: 0 size: 5 direction: false
2020-05-03 22:05:45.145  INFO 3996 --- [http-nio-8081-exec-1] com.bsuir.controller.TaskController      : Get sorted users with parameters:  page: 0 size: 5 direction: true
2020-05-03 22:05:47.431  INFO 3996 --- [http-nio-8081-exec-9] com.bsuir.controller.TaskController      : Get sorted users with parameters:  page: 0 size: 5 direction: false
2020-05-03 22:05:50.537  INFO 3996 --- [http-nio-8081-exec-8] com.bsuir.controller.UserController      : Get parameters fro users' sorting
2020-05-03 22:05:50.870  INFO 3996 --- [http-nio-8081-exec-7] com.bsuir.controller.UserController      : Get sorted users with parameters:  page: 0 size: 5 direction: true
2020-05-03 22:08:56.777  INFO 3996 --- [http-nio-8081-exec-7] com.bsuir.controller.TaskController      : Save task: Разделить добычу
2020-05-03 22:08:58.929  INFO 3996 --- [http-nio-8081-exec-5] com.bsuir.controller.UserController      : Get parameters fro users' sorting
2020-05-03 22:08:59.183  INFO 3996 --- [http-nio-8081-exec-6] com.bsuir.controller.UserController      : Get sorted users with parameters:  page: 0 size: 5 direction: true
2020-05-03 22:09:12.266  INFO 3996 --- [http-nio-8081-exec-10] com.bsuir.controller.TaskController      : Get parameters for task sorting
2020-05-03 22:09:12.520  INFO 3996 --- [http-nio-8081-exec-2] com.bsuir.controller.TaskController      : Get sorted users with parameters:  page: 0 size: 5 direction: true
2020-05-03 22:09:14.152  INFO 3996 --- [http-nio-8081-exec-1] com.bsuir.controller.TaskController      : Get sorted users with parameters:  page: 1 size: 5 direction: true
2020-05-03 22:09:15.230  INFO 3996 --- [http-nio-8081-exec-9] com.bsuir.controller.TaskController      : Get sorted users with parameters:  page: 2 size: 5 direction: true
2020-05-03 22:09:16.169  INFO 3996 --- [http-nio-8081-exec-8] com.bsuir.controller.TaskController      : Get sorted users with parameters:  page: 1 size: 5 direction: true
2020-05-03 22:09:18.302  INFO 3996 --- [http-nio-8081-exec-7] com.bsuir.controller.TaskController      : Get sorted users with parameters:  page: 2 size: 5 direction: true
2020-05-03 22:09:18.854  INFO 3996 --- [http-nio-8081-exec-5] com.bsuir.controller.TaskController      : Get sorted users with parameters:  page: 3 size: 5 direction: true
2020-05-03 22:09:21.798  INFO 3996 --- [http-nio-8081-exec-6] com.bsuir.controller.TaskController      : Get sorted users with parameters:  page: 4 size: 5 direction: true
2020-05-03 22:09:23.130  INFO 3996 --- [http-nio-8081-exec-3] com.bsuir.controller.TaskController      : Get sorted users with parameters:  page: 0 size: 5 direction: true
2020-05-03 22:17:58.634  INFO 3996 --- [http-nio-8081-exec-4] com.bsuir.controller.TaskController      : Get parameters for task sorting
2020-05-03 22:18:02.217  INFO 3996 --- [http-nio-8081-exec-10] com.bsuir.controller.TaskController      : Get sorted users with parameters:  page: 0 size: 5 direction: true
2020-05-03 22:18:23.794  INFO 3996 --- [http-nio-8081-exec-2] com.bsuir.controller.TaskController      : Get parameters for task sorting
2020-05-03 22:18:23.846  INFO 3996 --- [http-nio-8081-exec-1] com.bsuir.controller.TaskController      : Get sorted users with parameters:  page: 0 size: 5 direction: true
2020-05-03 22:18:52.944  INFO 3996 --- [http-nio-8081-exec-6] com.bsuir.controller.TaskController      : Save task: Нанести краску
2020-05-03 22:18:56.197  INFO 3996 --- [http-nio-8081-exec-3] com.bsuir.controller.UserController      : Get parameters fro users' sorting
2020-05-03 22:18:56.466  INFO 3996 --- [http-nio-8081-exec-4] com.bsuir.controller.UserController      : Get sorted users with parameters:  page: 0 size: 5 direction: true
2020-05-03 22:20:08.905  INFO 3996 --- [http-nio-8081-exec-3] com.bsuir.controller.TaskController      : Save task: Сопроводить в полет
2020-05-03 22:20:11.905  INFO 3996 --- [http-nio-8081-exec-4] com.bsuir.controller.UserController      : Get parameters fro users' sorting
2020-05-03 22:20:12.159  INFO 3996 --- [http-nio-8081-exec-10] com.bsuir.controller.UserController      : Get sorted users with parameters:  page: 0 size: 5 direction: true
2020-05-03 22:20:18.726  INFO 3996 --- [http-nio-8081-exec-9] com.bsuir.controller.TaskController      : Get parameters for task sorting
2020-05-03 22:20:19.074  INFO 3996 --- [http-nio-8081-exec-7] com.bsuir.controller.TaskController      : Get sorted users with parameters:  page: 0 size: 5 direction: true
2020-05-03 22:20:20.873  INFO 3996 --- [http-nio-8081-exec-5] com.bsuir.controller.TaskController      : Get sorted users with parameters:  page: 1 size: 5 direction: true
2020-05-03 22:20:21.870  INFO 3996 --- [http-nio-8081-exec-8] com.bsuir.controller.TaskController      : Get sorted users with parameters:  page: 2 size: 5 direction: true
2020-05-03 22:20:22.359  INFO 3996 --- [http-nio-8081-exec-6] com.bsuir.controller.TaskController      : Get sorted users with parameters:  page: 3 size: 5 direction: true
2020-05-03 22:20:23.480  INFO 3996 --- [http-nio-8081-exec-3] com.bsuir.controller.TaskController      : Get sorted users with parameters:  page: 4 size: 5 direction: true
2020-05-03 22:20:24.162  INFO 3996 --- [http-nio-8081-exec-4] com.bsuir.controller.UserController      : Get parameters fro users' sorting
2020-05-03 22:20:24.506  INFO 3996 --- [http-nio-8081-exec-10] com.bsuir.controller.UserController      : Get sorted users with parameters:  page: 0 size: 5 direction: true
2020-05-03 22:20:29.645  INFO 3996 --- [http-nio-8081-exec-9] com.bsuir.controller.UserController      : Get parameters fro users' sorting
2020-05-03 22:20:29.977  INFO 3996 --- [http-nio-8081-exec-7] com.bsuir.controller.UserController      : Get sorted users with parameters:  page: 0 size: 5 direction: true
2020-05-03 22:20:33.877  INFO 3996 --- [http-nio-8081-exec-6] com.bsuir.controller.UserController      : Get parameters fro users' sorting
2020-05-03 22:20:34.198  INFO 3996 --- [http-nio-8081-exec-3] com.bsuir.controller.UserController      : Get sorted users with parameters:  page: 0 size: 5 direction: true
2020-05-03 22:20:38.235  INFO 3996 --- [http-nio-8081-exec-2] com.bsuir.controller.UserController      : Get parameters fro users' sorting
2020-05-03 22:20:38.553  INFO 3996 --- [http-nio-8081-exec-1] com.bsuir.controller.UserController      : Get sorted users with parameters:  page: 0 size: 5 direction: true
2020-05-03 22:20:41.599  INFO 3996 --- [http-nio-8081-exec-5] com.bsuir.controller.UserController      : Get parameters fro users' sorting
2020-05-03 22:20:41.946  INFO 3996 --- [http-nio-8081-exec-8] com.bsuir.controller.UserController      : Get sorted users with parameters:  page: 0 size: 5 direction: true
2020-05-03 22:20:42.951  INFO 3996 --- [http-nio-8081-exec-6] com.bsuir.controller.UserController      : Get sorted users with parameters:  page: 1 size: 5 direction: true
2020-05-03 22:20:48.272  INFO 3996 --- [http-nio-8081-exec-10] com.bsuir.controller.UserController      : Get parameters fro users' sorting
2020-05-03 22:20:48.606  INFO 3996 --- [http-nio-8081-exec-2] com.bsuir.controller.UserController      : Get sorted users with parameters:  page: 0 size: 5 direction: true
2020-05-03 22:20:50.698  INFO 3996 --- [http-nio-8081-exec-1] com.bsuir.controller.UserController      : Get sorted users with parameters:  page: 2 size: 5 direction: true
2020-05-03 22:20:56.104  INFO 3996 --- [http-nio-8081-exec-5] com.bsuir.controller.UserController      : Get parameters fro users' sorting
2020-05-03 22:20:56.426  INFO 3996 --- [http-nio-8081-exec-8] com.bsuir.controller.UserController      : Get sorted users with parameters:  page: 0 size: 5 direction: true
2020-05-03 22:20:57.577  INFO 3996 --- [http-nio-8081-exec-6] com.bsuir.controller.UserController      : Get sorted users with parameters:  page: 1 size: 5 direction: true
